<?xml version="1.0" encoding="UTF-8"?>
<!-- Generated by org.testng.reporters.JUnitXMLReporter -->
<testsuite ignored="0" hostname="THEMan.local" failures="0" tests="14" name="Test Basics 1" time="153.612" errors="0" timestamp="2024-10-21T15:28:34 IST">
  <testcase classname="com.NaveenOnline.Qa.Testcase.LoginPageTest" name="AddressBook" time="0.002"/>
  <testcase classname="com.NaveenOnline.Qa.Testcase.LoginPageTest" name="logintest" time="4.714"/>
  <testcase classname="com.NaveenOnline.Qa.Testcase.LoginPageTest" name="loginPageTitleTest" time="0.045"/>
  <testcase classname="com.NaveenOnline.Qa.Testcase.LoginPageTest" name="naveenLogo" time="0.103"/>
  <testcase classname="com.NaveenOnline.Qa.Testcase.homePageTest" name="HomePageTitleTest" time="0.009"/>
  <testcase classname="com.NaveenOnline.Qa.Testcase.homePageTest" name="clickOnMacInDesktopTabTest" time="0.742"/>
  <testcase classname="com.NaveenOnline.Qa.Testcase.homePageTest" name="clickOnMonitorsInComponentTabTest" time="0.692"/>
  <testcase classname="com.NaveenOnline.Qa.Testcase.homePageTest" name="clickOnShowAllInDesktopTabTest" time="0.699"/>
  <testcase classname="com.NaveenOnline.Qa.Testcase.homePageTest" name="clickOnSoftwareTabTest" time="0.536"/>
  <testcase classname="com.NaveenOnline.Qa.Testcase.homePageTest" name="clickOnTabletsTabTest" time="0.541"/>
  <testcase classname="com.NaveenOnline.Qa.Testcase.addNewAddressTest" name="addAddressTest" time="5.279"/>
  <testcase classname="com.NaveenOnline.Qa.Testcase.addNewAddressTest" name="addAddressTest" time="4.993"/>
  <testcase classname="com.NaveenOnline.Qa.Testcase.addNewAddressTest" name="addAddressTest" time="5.048"/>
  <testcase classname="com.NaveenOnline.Qa.Testcase.addNewAddressTest" name="addAddressTest" time="5.055"/>
</testsuite> <!-- Test Basics 1 -->
